<?xml version="1.0" encoding="UTF-8"?>
<!-- Generated by org.testng.reporters.JUnitReportReporter -->
<testsuite hostname="LAPTOP-HE76TO44" name="AutomationFrameworks.DatadrivenusingPropertiesfile" tests="1" failures="0" timestamp="26 Oct 2019 07:33:23 GMT" time="6.760" errors="0">
  <testcase name="f" time="6.760" classname="AutomationFrameworks.DatadrivenusingPropertiesfile"/>
</testsuite> <!-- AutomationFrameworks.DatadrivenusingPropertiesfile -->
