<?xml version="1.0" encoding="UTF-8"?>
<!-- Generated by org.testng.reporters.JUnitReportReporter -->
<testsuite hostname="LAPTOP-HE76TO44" name="screenshots.Timestampandscreenshot" tests="1" failures="0" timestamp="27 Oct 2019 05:33:22 GMT" time="26.898" errors="0">
  <testcase name="f" time="26.898" classname="screenshots.Timestampandscreenshot"/>
</testsuite> <!-- screenshots.Timestampandscreenshot -->
