<?xml version="1.0" encoding="UTF-8"?>
<!-- Generated by org.testng.reporters.JUnitReportReporter -->
<testsuite hostname="LAPTOP-HE76TO44" name="TestNGSamples.priorityExamples" tests="5" failures="0" timestamp="19 Oct 2019 06:12:28 GMT" time="0.015" errors="0">
  <testcase name="M" time="0.012" classname="TestNGSamples.priorityExamples"/>
  <testcase name="Z" time="0.000" classname="TestNGSamples.priorityExamples"/>
  <testcase name="A" time="0.003" classname="TestNGSamples.priorityExamples"/>
  <testcase name="K" time="0.000" classname="TestNGSamples.priorityExamples"/>
  <testcase name="f" time="0.000" classname="TestNGSamples.priorityExamples"/>
</testsuite> <!-- TestNGSamples.priorityExamples -->
