<?xml version="1.0" encoding="UTF-8"?>
<!-- Generated by org.testng.reporters.JUnitReportReporter -->
<testsuite hostname="LAPTOP-HE76TO44" name="parameterizations.gmaillogin" tests="1" failures="0" timestamp="19 Oct 2019 07:53:54 GMT" time="4.180" errors="0">
  <testcase name="dataprovidertest1" time="4.180" classname="parameterizations.gmaillogin"/>
</testsuite> <!-- parameterizations.gmaillogin -->
