<?xml version="1.0" encoding="UTF-8"?>
<!-- Generated by org.testng.reporters.JUnitReportReporter -->
<testsuite hostname="LAPTOP-HE76TO44" name="Actionclassessamples.NewTest" tests="1" failures="0" timestamp="28 Sep 2019 05:47:52 GMT" time="0.644" errors="0">
  <testcase name="f" time="0.644" classname="Actionclassessamples.NewTest"/>
</testsuite> <!-- Actionclassessamples.NewTest -->
