<?xml version="1.0" encoding="UTF-8"?>
<!-- Generated by org.testng.reporters.JUnitReportReporter -->
<testsuite hostname="LAPTOP-HE76TO44" name="Actionclassessamples.RightClickAction" tests="1" failures="0" timestamp="28 Sep 2019 18:40:11 GMT" time="29.281" errors="0">
  <testcase name="searchKeywords" time="29.281" classname="Actionclassessamples.RightClickAction"/>
</testsuite> <!-- Actionclassessamples.RightClickAction -->
