<?xml version="1.0" encoding="UTF-8"?>
<!-- Generated by org.testng.reporters.JUnitReportReporter -->
<testsuite hostname="LAPTOP-HE76TO44" name="pageobjectmodel.Negativescenarios" tests="1" failures="0" timestamp="27 Oct 2019 05:53:17 GMT" time="11.497" errors="0">
  <testcase name="f" time="11.497" classname="pageobjectmodel.Negativescenarios"/>
</testsuite> <!-- pageobjectmodel.Negativescenarios -->
