<?xml version="1.0" encoding="UTF-8"?>
<!-- Generated by org.testng.reporters.JUnitReportReporter -->
<testsuite hostname="LAPTOP-HE76TO44" name="AutomationFrameworks.Basic_gmail_datadriven" tests="1" failures="0" timestamp="26 Oct 2019 07:10:10 GMT" time="35.456" errors="0">
  <testcase name="gmail_login" time="35.456" classname="AutomationFrameworks.Basic_gmail_datadriven"/>
</testsuite> <!-- AutomationFrameworks.Basic_gmail_datadriven -->
