<?xml version="1.0" encoding="UTF-8"?>
<!-- Generated by org.testng.reporters.JUnitReportReporter -->
<testsuite hostname="LAPTOP-HE76TO44" name="dropDownPack.dropDownDemo" tests="1" failures="0" timestamp="24 Apr 2020 17:32:14 GMT" time="8.554" errors="0">
  <testcase name="dropDown2" time="8.554" classname="dropDownPack.dropDownDemo"/>
</testsuite> <!-- dropDownPack.dropDownDemo -->
