<?xml version="1.0" encoding="UTF-8"?>
<!-- Generated by org.testng.reporters.JUnitReportReporter -->
<testsuite hostname="LAPTOP-HE76TO44" name="AlertsSamples.NewTest" tests="1" failures="0" timestamp="29 Sep 2019 07:31:59 GMT" time="7.008" errors="0">
  <testcase name="allertOk" time="7.008" classname="AlertsSamples.NewTest"/>
</testsuite> <!-- AlertsSamples.NewTest -->
