<?xml version="1.0" encoding="UTF-8"?>
<!-- Generated by org.testng.reporters.JUnitReportReporter -->
<testsuite hostname="LAPTOP-HE76TO44" name="TestNGSamples.gmailautomation" tests="1" failures="0" timestamp="26 Oct 2019 05:36:21 GMT" time="52.497" errors="0">
  <testcase name="f" time="52.497" classname="TestNGSamples.gmailautomation"/>
</testsuite> <!-- TestNGSamples.gmailautomation -->
