<?xml version="1.0" encoding="UTF-8"?>
<!-- Generated by org.testng.reporters.JUnitReportReporter -->
<testsuite hostname="LAPTOP-HE76TO44" name="TestNGSamples.groupsTestNG" tests="14" failures="0" timestamp="7 Dec 2020 10:08:38 GMT" time="0.041" errors="0">
  <testcase name="testCaseFour" time="0.001" classname="TestNGSamples.groupsTestNG"/>
  <testcase name="testCaseThree" time="0.000" classname="TestNGSamples.groupsTestNG"/>
  <testcase name="sss" time="0.000" classname="TestNGSamples.groupsTestNG"/>
  <testcase name="testCaseFive" time="0.000" classname="TestNGSamples.groupsTestNG"/>
  <testcase name="testCaseTwo" time="0.000" classname="TestNGSamples.groupsTestNG"/>
  <testcase name="testcase11" time="0.002" classname="TestNGSamples.groupsTestNG"/>
  <testcase name="test" time="0.000" classname="TestNGSamples.groupsTestNG"/>
  <testcase name="testcase1" time="0.002" classname="TestNGSamples.groupsTestNG"/>
  <testcase name="testCaseOne" time="0.000" classname="TestNGSamples.groupsTestNG"/>
  <testcase name="tc5" time="0.000" classname="TestNGSamples.groupsTestNG"/>
  <testcase name="sample" time="0.001" classname="TestNGSamples.groupsTestNG"/>
  <testcase name="ppp" time="0.033" classname="TestNGSamples.groupsTestNG"/>
  <testcase name="tttt" time="0.001" classname="TestNGSamples.groupsTestNG"/>
  <testcase name="test321" time="0.001" classname="TestNGSamples.groupsTestNG"/>
</testsuite> <!-- TestNGSamples.groupsTestNG -->
