<?xml version="1.0" encoding="UTF-8"?>
<!-- Generated by org.testng.reporters.JUnitReportReporter -->
<testsuite hostname="LAPTOP-HE76TO44" name="JavaScriptExecutor.JSEGuruLogin" tests="1" failures="0" timestamp="6 Oct 2019 08:48:36 GMT" time="10.889" errors="0">
  <testcase name="getJSDetails" time="10.889" classname="JavaScriptExecutor.JSEGuruLogin"/>
</testsuite> <!-- JavaScriptExecutor.JSEGuruLogin -->
