<?xml version="1.0" encoding="UTF-8"?>
<!-- Generated by org.testng.reporters.JUnitReportReporter -->
<testsuite hostname="LAPTOP-HE76TO44" name="TestNGSamples.xpathexamples" tests="8" failures="0" timestamp="19 Oct 2019 06:05:28 GMT" time="105.584" errors="0">
  <testcase name="childxpathsample" time="14.485" classname="TestNGSamples.xpathexamples"/>
  <testcase name="preceedingsample" time="13.141" classname="TestNGSamples.xpathexamples"/>
  <testcase name="followingsample" time="16.642" classname="TestNGSamples.xpathexamples"/>
  <testcase name="preceedingsibsample" time="12.204" classname="TestNGSamples.xpathexamples"/>
  <testcase name="startswithsmple" time="8.768" classname="TestNGSamples.xpathexamples"/>
  <testcase name="parentxpathsample" time="11.766" classname="TestNGSamples.xpathexamples"/>
  <testcase name="followingsibsample" time="20.989" classname="TestNGSamples.xpathexamples"/>
  <testcase name="decesendantsxpathsample" time="7.589" classname="TestNGSamples.xpathexamples"/>
</testsuite> <!-- TestNGSamples.xpathexamples -->
