<?xml version="1.0" encoding="UTF-8"?>
<!-- Generated by org.testng.reporters.JUnitReportReporter -->
<testsuite hostname="LAPTOP-HE76TO44" name="pageobjectmodel.Testablepageobjects" tests="1" failures="0" timestamp="9 Nov 2019 02:19:27 GMT" time="35.215" errors="0">
  <testcase name="f" time="35.215" classname="pageobjectmodel.Testablepageobjects"/>
</testsuite> <!-- pageobjectmodel.Testablepageobjects -->
