<?xml version="1.0" encoding="UTF-8"?>
<!-- Generated by org.testng.reporters.JUnitReportReporter -->
<testsuite hostname="LAPTOP-HE76TO44" name="AutomationFrameworks.BDDexample" tests="1" failures="0" timestamp="26 Oct 2019 17:18:46 GMT" time="2.511" errors="0">
  <testcase name="f" time="2.511" classname="AutomationFrameworks.BDDexample"/>
</testsuite> <!-- AutomationFrameworks.BDDexample -->
