<?xml version="1.0" encoding="UTF-8"?>
<!-- Generated by org.testng.reporters.JUnitReportReporter -->
<testsuite hostname="LAPTOP-HE76TO44" name="JavaScriptExecutor.JavaScriptsExecutorDemo" tests="1" failures="0" timestamp="6 Oct 2019 06:44:24 GMT" time="29.709" errors="0">
  <testcase name="scrollDownWithInterval" time="29.709" classname="JavaScriptExecutor.JavaScriptsExecutorDemo"/>
</testsuite> <!-- JavaScriptExecutor.JavaScriptsExecutorDemo -->
