<?xml version="1.0" encoding="UTF-8"?>
<!-- Generated by org.testng.reporters.JUnitReportReporter -->
<testsuite hostname="LAPTOP-HE76TO44" name="Actionclassessamples.doubleClickDemo" tests="1" failures="0" timestamp="8 Oct 2019 16:25:44 GMT" time="7.064" errors="0">
  <testcase name="f" time="7.064" classname="Actionclassessamples.doubleClickDemo"/>
</testsuite> <!-- Actionclassessamples.doubleClickDemo -->
