<?xml version="1.0" encoding="UTF-8"?>
<!-- Generated by org.testng.reporters.JUnitReportReporter -->
<testsuite hostname="LAPTOP-HE76TO44" name="dropDownPack.dropDwonDemo" tests="1" failures="0" timestamp="29 Sep 2019 08:37:07 GMT" time="35.750" errors="0">
  <testcase name="verifyMultipleSelect" time="35.750" classname="dropDownPack.dropDwonDemo"/>
</testsuite> <!-- dropDownPack.dropDwonDemo -->
