<?xml version="1.0" encoding="UTF-8"?>
<!-- Generated by org.testng.reporters.JUnitReportReporter -->
<testsuite hostname="LAPTOP-HE76TO44" name="pagefactorymodel.MercuryToursHomeTest" tests="1" failures="0" timestamp="27 Oct 2019 06:41:50 GMT" time="14.076" errors="0">
  <testcase name="home" time="14.076" classname="pagefactorymodel.MercuryToursHomeTest"/>
</testsuite> <!-- pagefactorymodel.MercuryToursHomeTest -->
