<?xml version="1.0" encoding="UTF-8"?>
<!-- Generated by org.testng.reporters.JUnitReportReporter -->
<testsuite hostname="LAPTOP-HE76TO44" name="Frames.FrameSamples" tests="1" failures="0" timestamp="23 Sep 2019 18:10:42 GMT" time="11.738" errors="0">
  <testcase name="f" time="11.738" classname="Frames.FrameSamples"/>
</testsuite> <!-- Frames.FrameSamples -->
