<?xml version="1.0" encoding="UTF-8"?>
<!-- Generated by org.testng.reporters.JUnitReportReporter -->
<testsuite hostname="LAPTOP-HE76TO44" name="TestNGSamples.getcommands" tests="1" failures="0" timestamp="19 Oct 2019 06:05:28 GMT" time="8.791" errors="0">
  <testcase name="f" time="8.791" classname="TestNGSamples.getcommands"/>
</testsuite> <!-- TestNGSamples.getcommands -->
