<?xml version="1.0" encoding="UTF-8"?>
<!-- Generated by org.testng.reporters.JUnitReportReporter -->
<testsuite hostname="LAPTOP-HE76TO44" name="TC001_Get_Request" tests="1" failures="0" timestamp="28 Apr 2020 05:29:03 GMT" time="4.673" errors="0">
  <testcase name="getWeatherDetails" time="4.673" classname="TC001_Get_Request"/>
</testsuite> <!-- TC001_Get_Request -->
