<?xml version="1.0" encoding="UTF-8"?>
<!-- Generated by org.testng.reporters.JUnitReportReporter -->
<testsuite hostname="LAPTOP-HE76TO44" name="verifyMobilePages.MainAmazonPage" tests="2" failures="0" timestamp="16 Jan 2021 18:25:40 GMT" time="27.645" errors="0">
  <testcase name="login" time="4.686" classname="verifyMobilePages.MainAmazonPage"/>
  <testcase name="runMainSearchItems" time="22.959" classname="verifyMobilePages.MainAmazonPage"/>
</testsuite> <!-- verifyMobilePages.MainAmazonPage -->
