<?xml version="1.0" encoding="UTF-8"?>
<!-- Generated by org.testng.reporters.JUnitReportReporter -->
<testsuite hostname="LAPTOP-HE76TO44" name="verifyMobilePages.mainMobilePage" tests="1" failures="0" timestamp="2 Apr 2020 13:36:59 GMT" time="15.507" errors="0">
  <testcase name="mainMethod" time="15.507" classname="verifyMobilePages.mainMobilePage"/>
</testsuite> <!-- verifyMobilePages.mainMobilePage -->
