<?xml version="1.0" encoding="UTF-8"?>
<!-- Generated by org.testng.reporters.JUnitReportReporter -->
<testsuite hostname="LAPTOP-HE76TO44" name="verifyMobilePages.MainAmazonPage" tests="2" failures="0" timestamp="9 Jan 2021 17:11:28 GMT" time="36.270" errors="0">
  <testcase name="login" time="8.748" classname="verifyMobilePages.MainAmazonPage"/>
  <testcase name="runMainSearchItems" time="27.522" classname="verifyMobilePages.MainAmazonPage"/>
</testsuite> <!-- verifyMobilePages.MainAmazonPage -->
