<?xml version="1.0" encoding="UTF-8"?>
<!-- Generated by org.testng.reporters.JUnitReportReporter -->
<testsuite hostname="LAPTOP-HE76TO44" name="RestAssuredDemo.RestAssuredDemo.TC001_Req_Get" tests="1" failures="0" timestamp="7 May 2020 11:55:31 GMT" time="6.218" errors="0">
  <testcase name="getRequest_tc03" time="6.218" classname="RestAssuredDemo.RestAssuredDemo.TC001_Req_Get"/>
</testsuite> <!-- RestAssuredDemo.RestAssuredDemo.TC001_Req_Get -->
