<?xml version="1.0" encoding="UTF-8"?>
<!-- Generated by org.testng.reporters.JUnitReportReporter -->
<testsuite hostname="LAPTOP-HE76TO44" name="RestAssuredDemo.RestAssuredDemo.POST_Request" tests="2" failures="0" timestamp="7 May 2020 17:11:34 GMT" time="6.691" errors="0">
  <testcase name="Tc004_Delete_req" time="1.488" classname="RestAssuredDemo.RestAssuredDemo.POST_Request"/>
  <testcase name="Tc003_Patch_req" time="5.203" classname="RestAssuredDemo.RestAssuredDemo.POST_Request"/>
</testsuite> <!-- RestAssuredDemo.RestAssuredDemo.POST_Request -->
