<?xml version="1.0" encoding="UTF-8"?>
<!-- Generated by org.testng.reporters.JUnitReportReporter -->
<testsuite hostname="LAPTOP-HE76TO44" name="RestAssuredDemo.RestAssuredDemo.Json_Requests" tests="1" failures="0" timestamp="10 May 2020 12:06:53 GMT" time="3.341" errors="0">
  <testcase name="delete_Request" time="3.341" classname="RestAssuredDemo.RestAssuredDemo.Json_Requests"/>
</testsuite> <!-- RestAssuredDemo.RestAssuredDemo.Json_Requests -->
